<?xml version="1.0" encoding="UTF-8"?>
<!-- Generated by org.testng.reporters.JUnitReportReporter -->
<testsuite hostname="Testing-66" name="NewMavenTest.NewMavenTest.NewTest" tests="1" failures="0" timestamp="20 Jun 2017 07:07:01 GMT" time="26.525" errors="0">
  <testcase name="f" time="26.525" classname="NewMavenTest.NewMavenTest.NewTest"/>
</testsuite> <!-- NewMavenTest.NewMavenTest.NewTest -->
